build/app/intermediates/manifest_merge_blame_file/debug/manifest-merger-blame-debug-report.txt
1<?xml version="1.0" encoding="utf-8"?>
2<manifest xmlns:android="http://schemas.android.com/apk/res/android"
3    package="com.easycut.ease"
4    android:versionCode="4"
5    android:versionName="1.0.4" >
6
7    <uses-sdk
8        android:minSdkVersion="23"
9        android:targetSdkVersion="34" />
10
11    <!-- The INTERNET permission is required for development. -->
12    <uses-permission android:name="android.permission.INTERNET" />
12-->src\main\AndroidManifest.xml:11:5-66
12-->src\main\AndroidManifest.xml:11:22-64
13    <uses-permission android:name="android.permission.ACCESS_NETWORK_STATE" />
13-->src\main\AndroidManifest.xml:12:5-78
13-->src\main\AndroidManifest.xml:12:22-76
14    <uses-permission android:name="android.permission.RECEIVE_BOOT_COMPLETED" />
14-->src\main\AndroidManifest.xml:13:5-80
14-->src\main\AndroidManifest.xml:13:22-78
15    <uses-permission android:name="android.permission.ACCESS_FINE_LOCATION" />
15-->src\main\AndroidManifest.xml:3:5-78
15-->src\main\AndroidManifest.xml:3:22-76
16    <uses-permission android:name="android.permission.ACCESS_COARSE_LOCATION" /> <!-- Optional for background location usage -->
16-->src\main\AndroidManifest.xml:4:5-80
16-->src\main\AndroidManifest.xml:4:22-78
17    <uses-permission android:name="android.permission.ACCESS_BACKGROUND_LOCATION" />
17-->src\main\AndroidManifest.xml:7:5-84
17-->src\main\AndroidManifest.xml:7:22-82
18    <uses-permission android:name="android.permission.FOREGROUND_SERVICE" />
18-->src\main\AndroidManifest.xml:9:5-77
18-->src\main\AndroidManifest.xml:9:22-74
19    <uses-permission android:name="android.permission.ACCESS_BACKGROUND_LOCATION" />
19-->src\main\AndroidManifest.xml:7:5-84
19-->src\main\AndroidManifest.xml:7:22-82
20    <uses-permission android:name="android.permission.WAKE_LOCK" /> <!-- Permissions options for the `notification` group -->
20-->[:firebase_messaging] AndroidManifest.xml:8:5-68
20-->[:firebase_messaging] AndroidManifest.xml:8:22-65
21    <uses-permission android:name="android.permission.POST_NOTIFICATIONS" />
21-->[:firebase_messaging] AndroidManifest.xml:11:5-77
21-->[:firebase_messaging] AndroidManifest.xml:11:22-74
22    <uses-permission android:name="android.permission.VIBRATE" /> <!-- Required by older versions of Google Play services to create IID tokens -->
22-->[:flutter_local_notifications] AndroidManifest.xml:7:5-66
22-->[:flutter_local_notifications] AndroidManifest.xml:7:22-63
23    <uses-permission android:name="com.google.android.c2dm.permission.RECEIVE" />
23-->[com.google.firebase:firebase-messaging:23.4.1] AndroidManifest.xml:26:5-82
23-->[com.google.firebase:firebase-messaging:23.4.1] AndroidManifest.xml:26:22-79
24
25    <permission
25-->[androidx.core:core:1.13.1] AndroidManifest.xml:22:5-24:47
26        android:name="com.easycut.ease.DYNAMIC_RECEIVER_NOT_EXPORTED_PERMISSION"
26-->[androidx.core:core:1.13.1] AndroidManifest.xml:23:9-81
27        android:protectionLevel="signature" />
27-->[androidx.core:core:1.13.1] AndroidManifest.xml:24:9-44
28
29    <uses-permission android:name="com.easycut.ease.DYNAMIC_RECEIVER_NOT_EXPORTED_PERMISSION" />
29-->[androidx.core:core:1.13.1] AndroidManifest.xml:26:5-97
29-->[androidx.core:core:1.13.1] AndroidManifest.xml:26:22-94
30
31    <application
32        android:name="io.flutter.app.FlutterApplication"
32-->src\debug\AndroidManifest.xml:11:9-57
33        android:appComponentFactory="androidx.core.app.CoreComponentFactory"
33-->[androidx.core:core:1.13.1] AndroidManifest.xml:28:18-86
34        android:debuggable="true"
35        android:extractNativeLibs="false"
36        android:icon="@mipmap/ic_launcher"
36-->src\debug\AndroidManifest.xml:14:9-43
37        android:label="EasyCut" >
37-->src\debug\AndroidManifest.xml:13:9-32
38
39        <!-- Add any other configuration for your application here -->
40        <receiver
40-->src\main\AndroidManifest.xml:24:1-123
41            android:name="com.dexterous.flutterlocalnotifications.ScheduledNotificationReceiver"
41-->src\main\AndroidManifest.xml:24:36-120
42            android:exported="false" />
42-->src\main\AndroidManifest.xml:24:11-35
43        <receiver
43-->src\main\AndroidManifest.xml:25:1-32:12
44            android:name="com.dexterous.flutterlocalnotifications.ScheduledNotificationBootReceiver"
44-->src\main\AndroidManifest.xml:25:36-124
45            android:exported="false" >
45-->src\main\AndroidManifest.xml:25:11-35
46            <intent-filter>
46-->src\main\AndroidManifest.xml:26:5-31:21
47                <action android:name="android.intent.action.BOOT_COMPLETED" />
47-->src\main\AndroidManifest.xml:27:9-70
47-->src\main\AndroidManifest.xml:27:17-68
48                <action android:name="android.intent.action.MY_PACKAGE_REPLACED" />
48-->src\main\AndroidManifest.xml:28:9-75
48-->src\main\AndroidManifest.xml:28:17-73
49                <action android:name="android.intent.action.QUICKBOOT_POWERON" />
49-->src\main\AndroidManifest.xml:29:9-74
49-->src\main\AndroidManifest.xml:29:17-71
50                <action android:name="com.htc.intent.action.QUICKBOOT_POWERON" />
50-->src\main\AndroidManifest.xml:30:9-73
50-->src\main\AndroidManifest.xml:30:17-71
51            </intent-filter>
52        </receiver>
53        <receiver
53-->src\main\AndroidManifest.xml:33:1-117
54            android:name="com.dexterous.flutterlocalnotifications.ActionBroadcastReceiver"
54-->src\main\AndroidManifest.xml:33:36-114
55            android:exported="false" />
55-->src\main\AndroidManifest.xml:33:11-35
56
57        <activity
57-->src\main\AndroidManifest.xml:34:9-54:20
58            android:name="com.easycut.ease.MainActivity"
58-->src\main\AndroidManifest.xml:35:13-41
59            android:configChanges="orientation|keyboardHidden|keyboard|screenSize|smallestScreenSize|locale|layoutDirection|fontScale|screenLayout|density|uiMode"
59-->src\main\AndroidManifest.xml:39:13-163
60            android:exported="true"
60-->src\main\AndroidManifest.xml:36:13-36
61            android:hardwareAccelerated="true"
61-->src\main\AndroidManifest.xml:40:13-47
62            android:launchMode="singleTop"
62-->src\main\AndroidManifest.xml:37:13-43
63            android:theme="@style/LaunchTheme"
63-->src\main\AndroidManifest.xml:38:13-47
64            android:windowSoftInputMode="adjustResize" >
64-->src\main\AndroidManifest.xml:41:13-55
65
66            <!--
67                 Specifies an Android theme to apply to this Activity as soon as
68                 the Android process has started. This theme is visible to the user
69                 while the Flutter UI initializes. After that, this theme continues
70                 to determine the Window background behind the Flutter UI.
71            -->
72            <meta-data
72-->src\main\AndroidManifest.xml:46:13-49:17
73                android:name="io.flutter.embedding.android.NormalTheme"
73-->src\main\AndroidManifest.xml:47:15-70
74                android:resource="@style/NormalTheme" />
74-->src\main\AndroidManifest.xml:48:15-52
75
76            <intent-filter>
76-->src\main\AndroidManifest.xml:50:13-53:29
77                <action android:name="android.intent.action.MAIN" />
77-->src\main\AndroidManifest.xml:51:17-68
77-->src\main\AndroidManifest.xml:51:25-66
78
79                <category android:name="android.intent.category.LAUNCHER" />
79-->src\main\AndroidManifest.xml:52:17-76
79-->src\main\AndroidManifest.xml:52:27-74
80            </intent-filter>
81        </activity>
82        <!--
83 Don't delete the meta-data below.
84             This is used by the Flutter tool to generate GeneratedPluginRegistrant.java
85        -->
86        <meta-data
86-->src\main\AndroidManifest.xml:57:9-59:33
87            android:name="flutterEmbedding"
87-->src\main\AndroidManifest.xml:58:13-44
88            android:value="2" />
88-->src\main\AndroidManifest.xml:59:13-30
89        <meta-data
89-->src\main\AndroidManifest.xml:60:9-62:35
90            android:name="com.google.android.geo.API_KEY"
90-->src\main\AndroidManifest.xml:61:13-58
91            android:value="asd" />
91-->src\main\AndroidManifest.xml:62:13-32
92
93        <service
93-->[:cloud_firestore] AndroidManifest.xml:8:9-12:19
94            android:name="com.google.firebase.components.ComponentDiscoveryService"
94-->[:cloud_firestore] AndroidManifest.xml:8:18-89
95            android:directBootAware="true"
95-->[com.google.firebase:firebase-common:20.4.3] AndroidManifest.xml:32:13-43
96            android:exported="false" >
96-->[com.google.firebase:firebase-firestore:24.11.0] AndroidManifest.xml:16:13-37
97            <meta-data
97-->[:cloud_firestore] AndroidManifest.xml:9:13-11:85
98                android:name="com.google.firebase.components:io.flutter.plugins.firebase.firestore.FlutterFirebaseFirestoreRegistrar"
98-->[:cloud_firestore] AndroidManifest.xml:10:17-134
99                android:value="com.google.firebase.components.ComponentRegistrar" />
99-->[:cloud_firestore] AndroidManifest.xml:11:17-82
100            <meta-data
100-->[:firebase_messaging] AndroidManifest.xml:36:13-38:85
101                android:name="com.google.firebase.components:io.flutter.plugins.firebase.messaging.FlutterFirebaseAppRegistrar"
101-->[:firebase_messaging] AndroidManifest.xml:37:17-128
102                android:value="com.google.firebase.components.ComponentRegistrar" />
102-->[:firebase_messaging] AndroidManifest.xml:38:17-82
103            <meta-data
103-->[:firebase_core] AndroidManifest.xml:9:13-11:85
104                android:name="com.google.firebase.components:io.flutter.plugins.firebase.core.FlutterFirebaseCoreRegistrar"
104-->[:firebase_core] AndroidManifest.xml:10:17-124
105                android:value="com.google.firebase.components.ComponentRegistrar" />
105-->[:firebase_core] AndroidManifest.xml:11:17-82
106            <meta-data
106-->[com.google.firebase:firebase-firestore:24.11.0] AndroidManifest.xml:17:13-19:85
107                android:name="com.google.firebase.components:com.google.firebase.firestore.FirebaseFirestoreKtxRegistrar"
107-->[com.google.firebase:firebase-firestore:24.11.0] AndroidManifest.xml:18:17-122
108                android:value="com.google.firebase.components.ComponentRegistrar" />
108-->[com.google.firebase:firebase-firestore:24.11.0] AndroidManifest.xml:19:17-82
109            <meta-data
109-->[com.google.firebase:firebase-firestore:24.11.0] AndroidManifest.xml:20:13-22:85
110                android:name="com.google.firebase.components:com.google.firebase.firestore.FirestoreRegistrar"
110-->[com.google.firebase:firebase-firestore:24.11.0] AndroidManifest.xml:21:17-111
111                android:value="com.google.firebase.components.ComponentRegistrar" />
111-->[com.google.firebase:firebase-firestore:24.11.0] AndroidManifest.xml:22:17-82
112            <meta-data
112-->[com.google.firebase:firebase-messaging:23.4.1] AndroidManifest.xml:57:13-59:85
113                android:name="com.google.firebase.components:com.google.firebase.messaging.FirebaseMessagingKtxRegistrar"
113-->[com.google.firebase:firebase-messaging:23.4.1] AndroidManifest.xml:58:17-122
114                android:value="com.google.firebase.components.ComponentRegistrar" />
114-->[com.google.firebase:firebase-messaging:23.4.1] AndroidManifest.xml:59:17-82
115            <meta-data
115-->[com.google.firebase:firebase-messaging:23.4.1] AndroidManifest.xml:60:13-62:85
116                android:name="com.google.firebase.components:com.google.firebase.messaging.FirebaseMessagingRegistrar"
116-->[com.google.firebase:firebase-messaging:23.4.1] AndroidManifest.xml:61:17-119
117                android:value="com.google.firebase.components.ComponentRegistrar" />
117-->[com.google.firebase:firebase-messaging:23.4.1] AndroidManifest.xml:62:17-82
118            <meta-data
118-->[com.google.firebase:firebase-installations:17.2.0] AndroidManifest.xml:15:13-17:85
119                android:name="com.google.firebase.components:com.google.firebase.installations.FirebaseInstallationsKtxRegistrar"
119-->[com.google.firebase:firebase-installations:17.2.0] AndroidManifest.xml:16:17-130
120                android:value="com.google.firebase.components.ComponentRegistrar" />
120-->[com.google.firebase:firebase-installations:17.2.0] AndroidManifest.xml:17:17-82
121            <meta-data
121-->[com.google.firebase:firebase-installations:17.2.0] AndroidManifest.xml:18:13-20:85
122                android:name="com.google.firebase.components:com.google.firebase.installations.FirebaseInstallationsRegistrar"
122-->[com.google.firebase:firebase-installations:17.2.0] AndroidManifest.xml:19:17-127
123                android:value="com.google.firebase.components.ComponentRegistrar" />
123-->[com.google.firebase:firebase-installations:17.2.0] AndroidManifest.xml:20:17-82
124            <meta-data
124-->[com.google.firebase:firebase-common-ktx:20.4.3] AndroidManifest.xml:12:13-14:85
125                android:name="com.google.firebase.components:com.google.firebase.ktx.FirebaseCommonLegacyRegistrar"
125-->[com.google.firebase:firebase-common-ktx:20.4.3] AndroidManifest.xml:13:17-116
126                android:value="com.google.firebase.components.ComponentRegistrar" />
126-->[com.google.firebase:firebase-common-ktx:20.4.3] AndroidManifest.xml:14:17-82
127            <meta-data
127-->[com.google.firebase:firebase-common:20.4.3] AndroidManifest.xml:35:13-37:85
128                android:name="com.google.firebase.components:com.google.firebase.FirebaseCommonKtxRegistrar"
128-->[com.google.firebase:firebase-common:20.4.3] AndroidManifest.xml:36:17-109
129                android:value="com.google.firebase.components.ComponentRegistrar" />
129-->[com.google.firebase:firebase-common:20.4.3] AndroidManifest.xml:37:17-82
130            <meta-data
130-->[com.google.firebase:firebase-datatransport:18.1.7] AndroidManifest.xml:27:13-29:85
131                android:name="com.google.firebase.components:com.google.firebase.datatransport.TransportRegistrar"
131-->[com.google.firebase:firebase-datatransport:18.1.7] AndroidManifest.xml:28:17-115
132                android:value="com.google.firebase.components.ComponentRegistrar" />
132-->[com.google.firebase:firebase-datatransport:18.1.7] AndroidManifest.xml:29:17-82
133        </service>
134        <service
134-->[:firebase_messaging] AndroidManifest.xml:14:9-17:72
135            android:name="io.flutter.plugins.firebase.messaging.FlutterFirebaseMessagingBackgroundService"
135-->[:firebase_messaging] AndroidManifest.xml:15:13-107
136            android:exported="false"
136-->[:firebase_messaging] AndroidManifest.xml:16:13-37
137            android:permission="android.permission.BIND_JOB_SERVICE" />
137-->[:firebase_messaging] AndroidManifest.xml:17:13-69
138        <service
138-->[:firebase_messaging] AndroidManifest.xml:18:9-24:19
139            android:name="io.flutter.plugins.firebase.messaging.FlutterFirebaseMessagingService"
139-->[:firebase_messaging] AndroidManifest.xml:19:13-97
140            android:exported="false" >
140-->[:firebase_messaging] AndroidManifest.xml:20:13-37
141            <intent-filter>
141-->[:firebase_messaging] AndroidManifest.xml:21:13-23:29
142                <action android:name="com.google.firebase.MESSAGING_EVENT" />
142-->[:firebase_messaging] AndroidManifest.xml:22:17-78
142-->[:firebase_messaging] AndroidManifest.xml:22:25-75
143            </intent-filter>
144        </service>
145
146        <receiver
146-->[:firebase_messaging] AndroidManifest.xml:26:9-33:20
147            android:name="io.flutter.plugins.firebase.messaging.FlutterFirebaseMessagingReceiver"
147-->[:firebase_messaging] AndroidManifest.xml:27:13-98
148            android:exported="true"
148-->[:firebase_messaging] AndroidManifest.xml:28:13-36
149            android:permission="com.google.android.c2dm.permission.SEND" >
149-->[:firebase_messaging] AndroidManifest.xml:29:13-73
150            <intent-filter>
150-->[:firebase_messaging] AndroidManifest.xml:30:13-32:29
151                <action android:name="com.google.android.c2dm.intent.RECEIVE" />
151-->[:firebase_messaging] AndroidManifest.xml:31:17-81
151-->[:firebase_messaging] AndroidManifest.xml:31:25-78
152            </intent-filter>
153        </receiver>
154
155        <provider
155-->[:firebase_messaging] AndroidManifest.xml:41:9-45:38
156            android:name="io.flutter.plugins.firebase.messaging.FlutterFirebaseMessagingInitProvider"
156-->[:firebase_messaging] AndroidManifest.xml:42:13-102
157            android:authorities="com.easycut.ease.flutterfirebasemessaginginitprovider"
157-->[:firebase_messaging] AndroidManifest.xml:43:13-88
158            android:exported="false"
158-->[:firebase_messaging] AndroidManifest.xml:44:13-37
159            android:initOrder="99" />
159-->[:firebase_messaging] AndroidManifest.xml:45:13-35
160        <provider
160-->[:image_picker_android] AndroidManifest.xml:9:9-17:20
161            android:name="io.flutter.plugins.imagepicker.ImagePickerFileProvider"
161-->[:image_picker_android] AndroidManifest.xml:10:13-82
162            android:authorities="com.easycut.ease.flutter.image_provider"
162-->[:image_picker_android] AndroidManifest.xml:11:13-74
163            android:exported="false"
163-->[:image_picker_android] AndroidManifest.xml:12:13-37
164            android:grantUriPermissions="true" >
164-->[:image_picker_android] AndroidManifest.xml:13:13-47
165            <meta-data
165-->[:image_picker_android] AndroidManifest.xml:14:13-16:75
166                android:name="android.support.FILE_PROVIDER_PATHS"
166-->[:image_picker_android] AndroidManifest.xml:15:17-67
167                android:resource="@xml/flutter_image_picker_file_paths" />
167-->[:image_picker_android] AndroidManifest.xml:16:17-72
168        </provider> <!-- Trigger Google Play services to install the backported photo picker module. -->
169        <service
169-->[:image_picker_android] AndroidManifest.xml:19:9-31:19
170            android:name="com.google.android.gms.metadata.ModuleDependencies"
170-->[:image_picker_android] AndroidManifest.xml:20:13-78
171            android:enabled="false"
171-->[:image_picker_android] AndroidManifest.xml:21:13-36
172            android:exported="false" >
172-->[:image_picker_android] AndroidManifest.xml:22:13-37
173            <intent-filter>
173-->[:image_picker_android] AndroidManifest.xml:24:13-26:29
174                <action android:name="com.google.android.gms.metadata.MODULE_DEPENDENCIES" />
174-->[:image_picker_android] AndroidManifest.xml:25:17-94
174-->[:image_picker_android] AndroidManifest.xml:25:25-91
175            </intent-filter>
176
177            <meta-data
177-->[:image_picker_android] AndroidManifest.xml:28:13-30:36
178                android:name="photopicker_activity:0:required"
178-->[:image_picker_android] AndroidManifest.xml:29:17-63
179                android:value="" />
179-->[:image_picker_android] AndroidManifest.xml:30:17-33
180        </service>
181        <service
181-->[:geolocator_android] AndroidManifest.xml:8:9-12:56
182            android:name="com.baseflow.geolocator.GeolocatorLocationService"
182-->[:geolocator_android] AndroidManifest.xml:9:13-77
183            android:enabled="true"
183-->[:geolocator_android] AndroidManifest.xml:10:13-35
184            android:exported="false"
184-->[:geolocator_android] AndroidManifest.xml:11:13-37
185            android:foregroundServiceType="location" />
185-->[:geolocator_android] AndroidManifest.xml:12:13-53
186        <!--
187           Declares a provider which allows us to store files to share in
188           '.../caches/share_plus' and grant the receiving action access
189        -->
190        <provider
190-->[:share_plus] AndroidManifest.xml:13:9-21:20
191            android:name="dev.fluttercommunity.plus.share.ShareFileProvider"
191-->[:share_plus] AndroidManifest.xml:14:13-77
192            android:authorities="com.easycut.ease.flutter.share_provider"
192-->[:share_plus] AndroidManifest.xml:15:13-74
193            android:exported="false"
193-->[:share_plus] AndroidManifest.xml:16:13-37
194            android:grantUriPermissions="true" >
194-->[:share_plus] AndroidManifest.xml:17:13-47
195            <meta-data
195-->[:image_picker_android] AndroidManifest.xml:14:13-16:75
196                android:name="android.support.FILE_PROVIDER_PATHS"
196-->[:image_picker_android] AndroidManifest.xml:15:17-67
197                android:resource="@xml/flutter_share_file_paths" />
197-->[:image_picker_android] AndroidManifest.xml:16:17-72
198        </provider>
199        <!--
200           This manifest declared broadcast receiver allows us to use an explicit
201           Intent when creating a PendingItent to be informed of the user's choice
202        -->
203        <receiver
203-->[:share_plus] AndroidManifest.xml:26:9-32:20
204            android:name="dev.fluttercommunity.plus.share.SharePlusPendingIntent"
204-->[:share_plus] AndroidManifest.xml:27:13-82
205            android:exported="false" >
205-->[:share_plus] AndroidManifest.xml:28:13-37
206            <intent-filter>
206-->[:share_plus] AndroidManifest.xml:29:13-31:29
207                <action android:name="EXTRA_CHOSEN_COMPONENT" />
207-->[:share_plus] AndroidManifest.xml:30:17-65
207-->[:share_plus] AndroidManifest.xml:30:25-62
208            </intent-filter>
209        </receiver>
210        <receiver
210-->[com.google.firebase:firebase-messaging:23.4.1] AndroidManifest.xml:29:9-40:20
211            android:name="com.google.firebase.iid.FirebaseInstanceIdReceiver"
211-->[com.google.firebase:firebase-messaging:23.4.1] AndroidManifest.xml:30:13-78
212            android:exported="true"
212-->[com.google.firebase:firebase-messaging:23.4.1] AndroidManifest.xml:31:13-36
213            android:permission="com.google.android.c2dm.permission.SEND" >
213-->[com.google.firebase:firebase-messaging:23.4.1] AndroidManifest.xml:32:13-73
214            <intent-filter>
214-->[:firebase_messaging] AndroidManifest.xml:30:13-32:29
215                <action android:name="com.google.android.c2dm.intent.RECEIVE" />
215-->[:firebase_messaging] AndroidManifest.xml:31:17-81
215-->[:firebase_messaging] AndroidManifest.xml:31:25-78
216            </intent-filter>
217
218            <meta-data
218-->[com.google.firebase:firebase-messaging:23.4.1] AndroidManifest.xml:37:13-39:40
219                android:name="com.google.android.gms.cloudmessaging.FINISHED_AFTER_HANDLED"
219-->[com.google.firebase:firebase-messaging:23.4.1] AndroidManifest.xml:38:17-92
220                android:value="true" />
220-->[com.google.firebase:firebase-messaging:23.4.1] AndroidManifest.xml:39:17-37
221        </receiver>
222        <!--
223             FirebaseMessagingService performs security checks at runtime,
224             but set to not exported to explicitly avoid allowing another app to call it.
225        -->
226        <service
226-->[com.google.firebase:firebase-messaging:23.4.1] AndroidManifest.xml:46:9-53:19
227            android:name="com.google.firebase.messaging.FirebaseMessagingService"
227-->[com.google.firebase:firebase-messaging:23.4.1] AndroidManifest.xml:47:13-82
228            android:directBootAware="true"
228-->[com.google.firebase:firebase-messaging:23.4.1] AndroidManifest.xml:48:13-43
229            android:exported="false" >
229-->[com.google.firebase:firebase-messaging:23.4.1] AndroidManifest.xml:49:13-37
230            <intent-filter android:priority="-500" >
230-->[:firebase_messaging] AndroidManifest.xml:21:13-23:29
231                <action android:name="com.google.firebase.MESSAGING_EVENT" />
231-->[:firebase_messaging] AndroidManifest.xml:22:17-78
231-->[:firebase_messaging] AndroidManifest.xml:22:25-75
232            </intent-filter>
233        </service>
234
235        <activity
235-->[com.google.android.gms:play-services-base:18.3.0] AndroidManifest.xml:20:9-22:45
236            android:name="com.google.android.gms.common.api.GoogleApiActivity"
236-->[com.google.android.gms:play-services-base:18.3.0] AndroidManifest.xml:20:19-85
237            android:exported="false"
237-->[com.google.android.gms:play-services-base:18.3.0] AndroidManifest.xml:22:19-43
238            android:theme="@android:style/Theme.Translucent.NoTitleBar" />
238-->[com.google.android.gms:play-services-base:18.3.0] AndroidManifest.xml:21:19-78
239
240        <provider
240-->[com.google.firebase:firebase-common:20.4.3] AndroidManifest.xml:23:9-28:39
241            android:name="com.google.firebase.provider.FirebaseInitProvider"
241-->[com.google.firebase:firebase-common:20.4.3] AndroidManifest.xml:24:13-77
242            android:authorities="com.easycut.ease.firebaseinitprovider"
242-->[com.google.firebase:firebase-common:20.4.3] AndroidManifest.xml:25:13-72
243            android:directBootAware="true"
243-->[com.google.firebase:firebase-common:20.4.3] AndroidManifest.xml:26:13-43
244            android:exported="false"
244-->[com.google.firebase:firebase-common:20.4.3] AndroidManifest.xml:27:13-37
245            android:initOrder="100" />
245-->[com.google.firebase:firebase-common:20.4.3] AndroidManifest.xml:28:13-36
246        <provider
246-->[androidx.lifecycle:lifecycle-process:2.7.0] AndroidManifest.xml:24:9-32:20
247            android:name="androidx.startup.InitializationProvider"
247-->[androidx.lifecycle:lifecycle-process:2.7.0] AndroidManifest.xml:25:13-67
248            android:authorities="com.easycut.ease.androidx-startup"
248-->[androidx.lifecycle:lifecycle-process:2.7.0] AndroidManifest.xml:26:13-68
249            android:exported="false" >
249-->[androidx.lifecycle:lifecycle-process:2.7.0] AndroidManifest.xml:27:13-37
250            <meta-data
250-->[androidx.lifecycle:lifecycle-process:2.7.0] AndroidManifest.xml:29:13-31:52
251                android:name="androidx.lifecycle.ProcessLifecycleInitializer"
251-->[androidx.lifecycle:lifecycle-process:2.7.0] AndroidManifest.xml:30:17-78
252                android:value="androidx.startup" />
252-->[androidx.lifecycle:lifecycle-process:2.7.0] AndroidManifest.xml:31:17-49
253            <meta-data
253-->[androidx.profileinstaller:profileinstaller:1.3.1] AndroidManifest.xml:29:13-31:52
254                android:name="androidx.profileinstaller.ProfileInstallerInitializer"
254-->[androidx.profileinstaller:profileinstaller:1.3.1] AndroidManifest.xml:30:17-85
255                android:value="androidx.startup" />
255-->[androidx.profileinstaller:profileinstaller:1.3.1] AndroidManifest.xml:31:17-49
256        </provider>
257
258        <uses-library
258-->[androidx.window:window:1.2.0] AndroidManifest.xml:23:9-25:40
259            android:name="androidx.window.extensions"
259-->[androidx.window:window:1.2.0] AndroidManifest.xml:24:13-54
260            android:required="false" />
260-->[androidx.window:window:1.2.0] AndroidManifest.xml:25:13-37
261        <uses-library
261-->[androidx.window:window:1.2.0] AndroidManifest.xml:26:9-28:40
262            android:name="androidx.window.sidecar"
262-->[androidx.window:window:1.2.0] AndroidManifest.xml:27:13-51
263            android:required="false" />
263-->[androidx.window:window:1.2.0] AndroidManifest.xml:28:13-37
264
265        <meta-data
265-->[com.google.android.gms:play-services-basement:18.3.0] AndroidManifest.xml:21:9-23:69
266            android:name="com.google.android.gms.version"
266-->[com.google.android.gms:play-services-basement:18.3.0] AndroidManifest.xml:22:13-58
267            android:value="@integer/google_play_services_version" />
267-->[com.google.android.gms:play-services-basement:18.3.0] AndroidManifest.xml:23:13-66
268
269        <receiver
269-->[androidx.profileinstaller:profileinstaller:1.3.1] AndroidManifest.xml:34:9-52:20
270            android:name="androidx.profileinstaller.ProfileInstallReceiver"
270-->[androidx.profileinstaller:profileinstaller:1.3.1] AndroidManifest.xml:35:13-76
271            android:directBootAware="false"
271-->[androidx.profileinstaller:profileinstaller:1.3.1] AndroidManifest.xml:36:13-44
272            android:enabled="true"
272-->[androidx.profileinstaller:profileinstaller:1.3.1] AndroidManifest.xml:37:13-35
273            android:exported="true"
273-->[androidx.profileinstaller:profileinstaller:1.3.1] AndroidManifest.xml:38:13-36
274            android:permission="android.permission.DUMP" >
274-->[androidx.profileinstaller:profileinstaller:1.3.1] AndroidManifest.xml:39:13-57
275            <intent-filter>
275-->[androidx.profileinstaller:profileinstaller:1.3.1] AndroidManifest.xml:40:13-42:29
276                <action android:name="androidx.profileinstaller.action.INSTALL_PROFILE" />
276-->[androidx.profileinstaller:profileinstaller:1.3.1] AndroidManifest.xml:41:17-91
276-->[androidx.profileinstaller:profileinstaller:1.3.1] AndroidManifest.xml:41:25-88
277            </intent-filter>
278            <intent-filter>
278-->[androidx.profileinstaller:profileinstaller:1.3.1] AndroidManifest.xml:43:13-45:29
279                <action android:name="androidx.profileinstaller.action.SKIP_FILE" />
279-->[androidx.profileinstaller:profileinstaller:1.3.1] AndroidManifest.xml:44:17-85
279-->[androidx.profileinstaller:profileinstaller:1.3.1] AndroidManifest.xml:44:25-82
280            </intent-filter>
281            <intent-filter>
281-->[androidx.profileinstaller:profileinstaller:1.3.1] AndroidManifest.xml:46:13-48:29
282                <action android:name="androidx.profileinstaller.action.SAVE_PROFILE" />
282-->[androidx.profileinstaller:profileinstaller:1.3.1] AndroidManifest.xml:47:17-88
282-->[androidx.profileinstaller:profileinstaller:1.3.1] AndroidManifest.xml:47:25-85
283            </intent-filter>
284            <intent-filter>
284-->[androidx.profileinstaller:profileinstaller:1.3.1] AndroidManifest.xml:49:13-51:29
285                <action android:name="androidx.profileinstaller.action.BENCHMARK_OPERATION" />
285-->[androidx.profileinstaller:profileinstaller:1.3.1] AndroidManifest.xml:50:17-95